17-12-2019 11:09:42.723 [restartedMain]  INFO  c.e.d.AirlinemanagementApplication.logStarting - Starting AirlinemanagementApplication on TRAINEE-PC with PID 7488 (C:\Users\ADMIN\IdeaProjects\airlinemanagement\target\classes started by ADMIN in C:\Users\ADMIN\IdeaProjects\airlinemanagement)
17-12-2019 11:09:42.746 [restartedMain]  INFO  c.e.d.AirlinemanagementApplication.logStartupProfileInfo - No active profile set, falling back to default profiles: default
17-12-2019 11:09:42.886 [restartedMain]  INFO  o.s.b.d.restart.ChangeableUrls.logTo - The Class-Path manifest attribute in C:\Users\ADMIN\.m2\repository\org\glassfish\jaxb\jaxb-runtime\2.3.2\jaxb-runtime-2.3.2.jar referenced one or more files that do not exist: file:/C:/Users/ADMIN/.m2/repository/org/glassfish/jaxb/jaxb-runtime/2.3.2/jakarta.xml.bind-api-2.3.2.jar,file:/C:/Users/ADMIN/.m2/repository/org/glassfish/jaxb/jaxb-runtime/2.3.2/txw2-2.3.2.jar,file:/C:/Users/ADMIN/.m2/repository/org/glassfish/jaxb/jaxb-runtime/2.3.2/istack-commons-runtime-3.0.8.jar,file:/C:/Users/ADMIN/.m2/repository/org/glassfish/jaxb/jaxb-runtime/2.3.2/stax-ex-1.8.1.jar,file:/C:/Users/ADMIN/.m2/repository/org/glassfish/jaxb/jaxb-runtime/2.3.2/FastInfoset-1.2.16.jar,file:/C:/Users/ADMIN/.m2/repository/org/glassfish/jaxb/jaxb-runtime/2.3.2/jakarta.activation-api-1.2.1.jar
17-12-2019 11:09:42.887 [restartedMain]  INFO  o.s.b.d.restart.ChangeableUrls.logTo - The Class-Path manifest attribute in C:\Users\ADMIN\.m2\repository\com\oracle\ojdbc\ojdbc8\19.3.0.0\ojdbc8-19.3.0.0.jar referenced one or more files that do not exist: file:/C:/Users/ADMIN/.m2/repository/com/oracle/ojdbc/ojdbc8/19.3.0.0/oraclepki.jar
17-12-2019 11:09:42.887 [restartedMain]  INFO  o.s.b.d.restart.ChangeableUrls.logTo - The Class-Path manifest attribute in C:\Users\ADMIN\.m2\repository\com\oracle\ojdbc\oraclepki\19.3.0.0\oraclepki-19.3.0.0.jar referenced one or more files that do not exist: file:/C:/Users/ADMIN/.m2/repository/com/oracle/ojdbc/oraclepki/19.3.0.0/osdt_core.jar,file:/C:/Users/ADMIN/.m2/repository/com/oracle/ojdbc/oraclepki/19.3.0.0/osdt_cert.jar,file:/C:/Users/ADMIN/.m2/repository/com/oracle/ojdbc/oraclepki/oracle.osdt/osdt_core.jar,file:/C:/Users/ADMIN/.m2/repository/com/oracle/ojdbc/oraclepki/oracle.osdt/osdt_cert.jar
17-12-2019 11:09:42.888 [restartedMain]  INFO  o.s.b.d.e.DevToolsPropertyDefaultsPostProcessor.logTo - Devtools property defaults active! Set 'spring.devtools.add-properties' to 'false' to disable
17-12-2019 11:09:42.888 [restartedMain]  INFO  o.s.b.d.e.DevToolsPropertyDefaultsPostProcessor.logTo - For additional web related logging consider setting the 'logging.level.web' property to 'DEBUG'
17-12-2019 11:09:44.114 [restartedMain]  INFO  o.s.d.r.c.RepositoryConfigurationDelegate.multipleStoresDetected - Multiple Spring Data modules found, entering strict repository configuration mode!
17-12-2019 11:09:44.115 [restartedMain]  INFO  o.s.d.r.c.RepositoryConfigurationDelegate.registerRepositoriesIn - Bootstrapping Spring Data repositories in DEFAULT mode.
17-12-2019 11:09:44.171 [restartedMain]  INFO  o.s.d.r.c.RepositoryConfigurationExtensionSupport.isStrictRepositoryCandidate - Spring Data JDBC - Could not safely identify store assignment for repository candidate interface com.example.demo.repository.AirportRepository. If you want this repository to be a JDBC repository, consider annotating your entities with one of these annotations: org.springframework.data.relational.core.mapping.Table.
17-12-2019 11:09:44.174 [restartedMain]  INFO  o.s.d.r.c.RepositoryConfigurationExtensionSupport.isStrictRepositoryCandidate - Spring Data JDBC - Could not safely identify store assignment for repository candidate interface com.example.demo.repository.BookingInfoRepository. If you want this repository to be a JDBC repository, consider annotating your entities with one of these annotations: org.springframework.data.relational.core.mapping.Table.
17-12-2019 11:09:44.177 [restartedMain]  INFO  o.s.d.r.c.RepositoryConfigurationExtensionSupport.isStrictRepositoryCandidate - Spring Data JDBC - Could not safely identify store assignment for repository candidate interface com.example.demo.repository.FlightDetailRepository. If you want this repository to be a JDBC repository, consider annotating your entities with one of these annotations: org.springframework.data.relational.core.mapping.Table.
17-12-2019 11:09:44.180 [restartedMain]  INFO  o.s.d.r.c.RepositoryConfigurationExtensionSupport.isStrictRepositoryCandidate - Spring Data JDBC - Could not safely identify store assignment for repository candidate interface com.example.demo.repository.FlightMasterRepository. If you want this repository to be a JDBC repository, consider annotating your entities with one of these annotations: org.springframework.data.relational.core.mapping.Table.
17-12-2019 11:09:44.181 [restartedMain]  INFO  o.s.d.r.c.RepositoryConfigurationExtensionSupport.isStrictRepositoryCandidate - Spring Data JDBC - Could not safely identify store assignment for repository candidate interface com.example.demo.repository.MyRepository. If you want this repository to be a JDBC repository, consider annotating your entities with one of these annotations: org.springframework.data.relational.core.mapping.Table.
17-12-2019 11:09:44.183 [restartedMain]  INFO  o.s.d.r.c.RepositoryConfigurationExtensionSupport.isStrictRepositoryCandidate - Spring Data JDBC - Could not safely identify store assignment for repository candidate interface com.example.demo.repository.RepositoryFlightMaster. If you want this repository to be a JDBC repository, consider annotating your entities with one of these annotations: org.springframework.data.relational.core.mapping.Table.
17-12-2019 11:09:44.185 [restartedMain]  INFO  o.s.d.r.c.RepositoryConfigurationExtensionSupport.isStrictRepositoryCandidate - Spring Data JDBC - Could not safely identify store assignment for repository candidate interface com.example.demo.repository.UserDetailsRepository. If you want this repository to be a JDBC repository, consider annotating your entities with one of these annotations: org.springframework.data.relational.core.mapping.Table.
17-12-2019 11:09:44.186 [restartedMain]  INFO  o.s.d.r.c.RepositoryConfigurationDelegate.registerRepositoriesIn - Finished Spring Data repository scanning in 65ms. Found 0 repository interfaces.
17-12-2019 11:09:44.198 [restartedMain]  INFO  o.s.d.r.c.RepositoryConfigurationDelegate.multipleStoresDetected - Multiple Spring Data modules found, entering strict repository configuration mode!
17-12-2019 11:09:44.198 [restartedMain]  INFO  o.s.d.r.c.RepositoryConfigurationDelegate.registerRepositoriesIn - Bootstrapping Spring Data repositories in DEFAULT mode.
17-12-2019 11:09:44.264 [restartedMain]  INFO  o.s.d.r.c.RepositoryConfigurationDelegate.registerRepositoriesIn - Finished Spring Data repository scanning in 61ms. Found 7 repository interfaces.
17-12-2019 11:09:44.678 [restartedMain]  INFO  o.s.c.s.PostProcessorRegistrationDelegate$BeanPostProcessorChecker.postProcessAfterInitialization - Bean 'org.springframework.transaction.annotation.ProxyTransactionManagementConfiguration' of type [org.springframework.transaction.annotation.ProxyTransactionManagementConfiguration] is not eligible for getting processed by all BeanPostProcessors (for example: not eligible for auto-proxying)
17-12-2019 11:09:45.094 [restartedMain]  INFO  o.s.b.w.e.tomcat.TomcatWebServer.initialize - Tomcat initialized with port(s): 9090 (http)
17-12-2019 11:09:45.103 [restartedMain]  INFO  o.a.coyote.http11.Http11NioProtocol.log - Initializing ProtocolHandler ["http-nio-9090"]
17-12-2019 11:09:45.103 [restartedMain]  INFO  o.a.catalina.core.StandardService.log - Starting service [Tomcat]
17-12-2019 11:09:45.104 [restartedMain]  INFO  o.a.catalina.core.StandardEngine.log - Starting Servlet engine: [Apache Tomcat/9.0.27]
17-12-2019 11:09:45.247 [restartedMain]  INFO  o.a.c.c.C.[Tomcat].[localhost].[/].log - Initializing Spring embedded WebApplicationContext
17-12-2019 11:09:45.247 [restartedMain]  INFO  o.s.web.context.ContextLoader.prepareWebApplicationContext - Root WebApplicationContext: initialization completed in 2358 ms
17-12-2019 11:09:45.619 [restartedMain]  INFO  o.h.jpa.internal.util.LogHelper.logPersistenceUnitInformation - HHH000204: Processing PersistenceUnitInfo [name: default]
17-12-2019 11:09:45.692 [restartedMain]  INFO  org.hibernate.Version.logVersion - HHH000412: Hibernate Core {5.4.8.Final}
17-12-2019 11:09:45.814 [restartedMain]  INFO  o.h.annotations.common.Version.<clinit> - HCANN000001: Hibernate Commons Annotations {5.1.0.Final}
17-12-2019 11:09:45.911 [restartedMain]  INFO  com.zaxxer.hikari.HikariDataSource.getConnection - HikariPool-1 - Starting...
17-12-2019 11:09:45.912 [restartedMain]  WARN  c.z.hikari.util.DriverDataSource.<init> - Registered driver with driverClassName=oracle.jdbc.driver.OracleDriver was not found, trying direct instantiation.
17-12-2019 11:09:46.485 [restartedMain]  INFO  com.zaxxer.hikari.HikariDataSource.getConnection - HikariPool-1 - Start completed.
17-12-2019 11:09:46.499 [restartedMain]  INFO  org.hibernate.dialect.Dialect.<init> - HHH000400: Using dialect: org.hibernate.dialect.Oracle10gDialect
17-12-2019 11:09:48.066 [restartedMain]  INFO  o.h.e.t.j.p.i.JtaPlatformInitiator.initiateService - HHH000490: Using JtaPlatform implementation: [org.hibernate.engine.transaction.jta.platform.internal.NoJtaPlatform]
17-12-2019 11:09:48.073 [restartedMain]  INFO  o.s.o.j.LocalContainerEntityManagerFactoryBean.buildNativeEntityManagerFactory - Initialized JPA EntityManagerFactory for persistence unit 'default'
17-12-2019 11:09:48.138 [restartedMain]  INFO  o.s.b.d.a.OptionalLiveReloadServer.startServer - LiveReload server is running on port 35729
17-12-2019 11:09:49.509 [restartedMain]  WARN  o.s.b.a.o.j.JpaBaseConfiguration$JpaWebConfiguration.openEntityManagerInViewInterceptor - spring.jpa.open-in-view is enabled by default. Therefore, database queries may be performed during view rendering. Explicitly configure spring.jpa.open-in-view to disable this warning
17-12-2019 11:09:49.703 [restartedMain]  INFO  o.s.s.c.ThreadPoolTaskExecutor.initialize - Initializing ExecutorService 'applicationTaskExecutor'
17-12-2019 11:09:50.255 [restartedMain]  INFO  o.a.coyote.http11.Http11NioProtocol.log - Starting ProtocolHandler ["http-nio-9090"]
17-12-2019 11:09:50.273 [restartedMain]  INFO  o.s.b.w.e.tomcat.TomcatWebServer.start - Tomcat started on port(s): 9090 (http) with context path ''
17-12-2019 11:09:50.278 [restartedMain]  INFO  c.e.d.AirlinemanagementApplication.logStarted - Started AirlinemanagementApplication in 8.351 seconds (JVM running for 9.754)
17-12-2019 11:09:50.281 [restartedMain]  INFO  c.e.d.AirlinemanagementApplication.main - Airline Reservation System Launched
17-12-2019 11:10:09.149 [http-nio-9090-exec-1]  INFO  o.a.c.c.C.[Tomcat].[localhost].[/].log - Initializing Spring DispatcherServlet 'dispatcherServlet'
17-12-2019 11:10:09.150 [http-nio-9090-exec-1]  INFO  o.s.web.servlet.DispatcherServlet.initServletBean - Initializing Servlet 'dispatcherServlet'
17-12-2019 11:10:09.175 [http-nio-9090-exec-1]  INFO  o.s.web.servlet.DispatcherServlet.initServletBean - Completed initialization in 25 ms
17-12-2019 11:10:09.205 [http-nio-9090-exec-1]  INFO  c.e.d.controller.LoggingController.index - An INFO Message
17-12-2019 11:10:09.205 [http-nio-9090-exec-1]  WARN  c.e.d.controller.LoggingController.index - A WARN Message
17-12-2019 11:10:09.206 [http-nio-9090-exec-1]  ERROR c.e.d.controller.LoggingController.index - An ERROR Message
17-12-2019 11:10:15.332 [http-nio-9090-exec-2]  INFO  c.e.d.controller.AirportController.findAllAirport - In Get for Airport
17-12-2019 11:10:50.384 [http-nio-9090-exec-5]  INFO  c.e.demo.service.UserDetailsService.addUser - Adding new user
17-12-2019 11:11:13.979 [http-nio-9090-exec-7]  INFO  c.e.demo.service.UserDetailsService.addUser - Adding new user
17-12-2019 11:11:14.006 [http-nio-9090-exec-7]  WARN  o.h.e.jdbc.spi.SqlExceptionHelper.logExceptions - SQL Error: 1, SQLState: 23000
17-12-2019 11:11:14.007 [http-nio-9090-exec-7]  ERROR o.h.e.jdbc.spi.SqlExceptionHelper.logExceptions - ORA-00001: unique constraint (ORACLE.UK_EC5MKI3DNVK8BPG0IROMNDW0) violated

17-12-2019 11:11:14.047 [http-nio-9090-exec-7]  ERROR c.e.demo.service.UserDetailsService.addUser - User creation failed : 
org.springframework.dao.DataIntegrityViolationException: could not execute statement; SQL [n/a]; constraint [ORACLE.UK_EC5MKI3DNVK8BPG0IROMNDW0]; nested exception is org.hibernate.exception.ConstraintViolationException: could not execute statement
	at org.springframework.orm.jpa.vendor.HibernateJpaDialect.convertHibernateAccessException(HibernateJpaDialect.java:298)
	at org.springframework.orm.jpa.vendor.HibernateJpaDialect.translateExceptionIfPossible(HibernateJpaDialect.java:255)
	at org.springframework.orm.jpa.JpaTransactionManager.doCommit(JpaTransactionManager.java:538)
	at org.springframework.transaction.support.AbstractPlatformTransactionManager.processCommit(AbstractPlatformTransactionManager.java:744)
	at org.springframework.transaction.support.AbstractPlatformTransactionManager.commit(AbstractPlatformTransactionManager.java:712)
	at org.springframework.transaction.interceptor.TransactionAspectSupport.commitTransactionAfterReturning(TransactionAspectSupport.java:631)
	at org.springframework.transaction.interceptor.TransactionAspectSupport.invokeWithinTransaction(TransactionAspectSupport.java:385)
	at org.springframework.transaction.interceptor.TransactionInterceptor.invoke(TransactionInterceptor.java:99)
	at org.springframework.aop.framework.ReflectiveMethodInvocation.proceed(ReflectiveMethodInvocation.java:186)
	at org.springframework.dao.support.PersistenceExceptionTranslationInterceptor.invoke(PersistenceExceptionTranslationInterceptor.java:139)
	at org.springframework.aop.framework.ReflectiveMethodInvocation.proceed(ReflectiveMethodInvocation.java:186)
	at org.springframework.data.jpa.repository.support.CrudMethodMetadataPostProcessor$CrudMethodMetadataPopulatingMethodInterceptor.invoke(CrudMethodMetadataPostProcessor.java:178)
	at org.springframework.aop.framework.ReflectiveMethodInvocation.proceed(ReflectiveMethodInvocation.java:186)
	at org.springframework.aop.interceptor.ExposeInvocationInterceptor.invoke(ExposeInvocationInterceptor.java:93)
	at org.springframework.aop.framework.ReflectiveMethodInvocation.proceed(ReflectiveMethodInvocation.java:186)
	at org.springframework.aop.framework.JdkDynamicAopProxy.invoke(JdkDynamicAopProxy.java:212)
	at com.sun.proxy.$Proxy130.save(Unknown Source)
	at com.example.demo.service.UserDetailsService.addUser(UserDetailsService.java:25)
	at com.example.demo.controller.UserDetailsController.addUser(UserDetailsController.java:25)
	at sun.reflect.NativeMethodAccessorImpl.invoke0(Native Method)
	at sun.reflect.NativeMethodAccessorImpl.invoke(NativeMethodAccessorImpl.java:62)
	at sun.reflect.DelegatingMethodAccessorImpl.invoke(DelegatingMethodAccessorImpl.java:43)
	at java.lang.reflect.Method.invoke(Method.java:498)
	at org.springframework.web.method.support.InvocableHandlerMethod.doInvoke(InvocableHandlerMethod.java:190)
	at org.springframework.web.method.support.InvocableHandlerMethod.invokeForRequest(InvocableHandlerMethod.java:138)
	at org.springframework.web.servlet.mvc.method.annotation.ServletInvocableHandlerMethod.invokeAndHandle(ServletInvocableHandlerMethod.java:106)
	at org.springframework.web.servlet.mvc.method.annotation.RequestMappingHandlerAdapter.invokeHandlerMethod(RequestMappingHandlerAdapter.java:888)
	at org.springframework.web.servlet.mvc.method.annotation.RequestMappingHandlerAdapter.handleInternal(RequestMappingHandlerAdapter.java:793)
	at org.springframework.web.servlet.mvc.method.AbstractHandlerMethodAdapter.handle(AbstractHandlerMethodAdapter.java:87)
	at org.springframework.web.servlet.DispatcherServlet.doDispatch(DispatcherServlet.java:1040)
	at org.springframework.web.servlet.DispatcherServlet.doService(DispatcherServlet.java:943)
	at org.springframework.web.servlet.FrameworkServlet.processRequest(FrameworkServlet.java:1006)
	at org.springframework.web.servlet.FrameworkServlet.doPost(FrameworkServlet.java:909)
	at javax.servlet.http.HttpServlet.service(HttpServlet.java:660)
	at org.springframework.web.servlet.FrameworkServlet.service(FrameworkServlet.java:883)
	at javax.servlet.http.HttpServlet.service(HttpServlet.java:741)
	at org.apache.catalina.core.ApplicationFilterChain.internalDoFilter(ApplicationFilterChain.java:231)
	at org.apache.catalina.core.ApplicationFilterChain.doFilter(ApplicationFilterChain.java:166)
	at org.apache.tomcat.websocket.server.WsFilter.doFilter(WsFilter.java:53)
	at org.apache.catalina.core.ApplicationFilterChain.internalDoFilter(ApplicationFilterChain.java:193)
	at org.apache.catalina.core.ApplicationFilterChain.doFilter(ApplicationFilterChain.java:166)
	at org.springframework.web.filter.RequestContextFilter.doFilterInternal(RequestContextFilter.java:100)
	at org.springframework.web.filter.OncePerRequestFilter.doFilter(OncePerRequestFilter.java:119)
	at org.apache.catalina.core.ApplicationFilterChain.internalDoFilter(ApplicationFilterChain.java:193)
	at org.apache.catalina.core.ApplicationFilterChain.doFilter(ApplicationFilterChain.java:166)
	at org.springframework.web.filter.FormContentFilter.doFilterInternal(FormContentFilter.java:93)
	at org.springframework.web.filter.OncePerRequestFilter.doFilter(OncePerRequestFilter.java:119)
	at org.apache.catalina.core.ApplicationFilterChain.internalDoFilter(ApplicationFilterChain.java:193)
	at org.apache.catalina.core.ApplicationFilterChain.doFilter(ApplicationFilterChain.java:166)
	at org.springframework.web.filter.CharacterEncodingFilter.doFilterInternal(CharacterEncodingFilter.java:201)
	at org.springframework.web.filter.OncePerRequestFilter.doFilter(OncePerRequestFilter.java:119)
	at org.apache.catalina.core.ApplicationFilterChain.internalDoFilter(ApplicationFilterChain.java:193)
	at org.apache.catalina.core.ApplicationFilterChain.doFilter(ApplicationFilterChain.java:166)
	at org.apache.catalina.core.StandardWrapperValve.invoke(StandardWrapperValve.java:202)
	at org.apache.catalina.core.StandardContextValve.invoke(StandardContextValve.java:96)
	at org.apache.catalina.authenticator.AuthenticatorBase.invoke(AuthenticatorBase.java:526)
	at org.apache.catalina.core.StandardHostValve.invoke(StandardHostValve.java:139)
	at org.apache.catalina.valves.ErrorReportValve.invoke(ErrorReportValve.java:92)
	at org.apache.catalina.core.StandardEngineValve.invoke(StandardEngineValve.java:74)
	at org.apache.catalina.connector.CoyoteAdapter.service(CoyoteAdapter.java:343)
	at org.apache.coyote.http11.Http11Processor.service(Http11Processor.java:408)
	at org.apache.coyote.AbstractProcessorLight.process(AbstractProcessorLight.java:66)
	at org.apache.coyote.AbstractProtocol$ConnectionHandler.process(AbstractProtocol.java:861)
	at org.apache.tomcat.util.net.NioEndpoint$SocketProcessor.doRun(NioEndpoint.java:1579)
	at org.apache.tomcat.util.net.SocketProcessorBase.run(SocketProcessorBase.java:49)
	at java.util.concurrent.ThreadPoolExecutor.runWorker(ThreadPoolExecutor.java:1142)
	at java.util.concurrent.ThreadPoolExecutor$Worker.run(ThreadPoolExecutor.java:617)
	at org.apache.tomcat.util.threads.TaskThread$WrappingRunnable.run(TaskThread.java:61)
	at java.lang.Thread.run(Thread.java:748)
Caused by: org.hibernate.exception.ConstraintViolationException: could not execute statement
	at org.hibernate.exception.internal.SQLExceptionTypeDelegate.convert(SQLExceptionTypeDelegate.java:59)
	at org.hibernate.exception.internal.StandardSQLExceptionConverter.convert(StandardSQLExceptionConverter.java:42)
	at org.hibernate.engine.jdbc.spi.SqlExceptionHelper.convert(SqlExceptionHelper.java:113)
	at org.hibernate.engine.jdbc.spi.SqlExceptionHelper.convert(SqlExceptionHelper.java:99)
	at org.hibernate.engine.jdbc.internal.ResultSetReturnImpl.executeUpdate(ResultSetReturnImpl.java:200)
	at org.hibernate.persister.entity.AbstractEntityPersister.insert(AbstractEntityPersister.java:3208)
	at org.hibernate.persister.entity.AbstractEntityPersister.insert(AbstractEntityPersister.java:3722)
	at org.hibernate.action.internal.EntityInsertAction.execute(EntityInsertAction.java:91)
	at org.hibernate.engine.spi.ActionQueue.executeActions(ActionQueue.java:604)
	at org.hibernate.engine.spi.ActionQueue.lambda$executeActions$1(ActionQueue.java:478)
	at java.util.LinkedHashMap.forEach(LinkedHashMap.java:684)
	at org.hibernate.engine.spi.ActionQueue.executeActions(ActionQueue.java:475)
	at org.hibernate.event.internal.AbstractFlushingEventListener.performExecutions(AbstractFlushingEventListener.java:349)
	at org.hibernate.event.internal.DefaultFlushEventListener.onFlush(DefaultFlushEventListener.java:40)
	at org.hibernate.event.service.internal.EventListenerGroupImpl.fireEventOnEachListener(EventListenerGroupImpl.java:108)
	at org.hibernate.internal.SessionImpl.doFlush(SessionImpl.java:1344)
	at org.hibernate.internal.SessionImpl.managedFlush(SessionImpl.java:435)
	at org.hibernate.internal.SessionImpl.flushBeforeTransactionCompletion(SessionImpl.java:3221)
	at org.hibernate.internal.SessionImpl.beforeTransactionCompletion(SessionImpl.java:2389)
	at org.hibernate.engine.jdbc.internal.JdbcCoordinatorImpl.beforeTransactionCompletion(JdbcCoordinatorImpl.java:447)
	at org.hibernate.resource.transaction.backend.jdbc.internal.JdbcResourceLocalTransactionCoordinatorImpl.beforeCompletionCallback(JdbcResourceLocalTransactionCoordinatorImpl.java:183)
	at org.hibernate.resource.transaction.backend.jdbc.internal.JdbcResourceLocalTransactionCoordinatorImpl.access$300(JdbcResourceLocalTransactionCoordinatorImpl.java:40)
	at org.hibernate.resource.transaction.backend.jdbc.internal.JdbcResourceLocalTransactionCoordinatorImpl$TransactionDriverControlImpl.commit(JdbcResourceLocalTransactionCoordinatorImpl.java:281)
	at org.hibernate.engine.transaction.internal.TransactionImpl.commit(TransactionImpl.java:101)
	at org.springframework.orm.jpa.JpaTransactionManager.doCommit(JpaTransactionManager.java:534)
	... 66 common frames omitted
Caused by: java.sql.SQLIntegrityConstraintViolationException: ORA-00001: unique constraint (ORACLE.UK_EC5MKI3DNVK8BPG0IROMNDW0) violated

	at oracle.jdbc.driver.T4CTTIoer11.processError(T4CTTIoer11.java:509)
	at oracle.jdbc.driver.T4CTTIoer11.processError(T4CTTIoer11.java:461)
	at oracle.jdbc.driver.T4C8Oall.processError(T4C8Oall.java:1104)
	at oracle.jdbc.driver.T4CTTIfun.receive(T4CTTIfun.java:550)
	at oracle.jdbc.driver.T4CTTIfun.doRPC(T4CTTIfun.java:268)
	at oracle.jdbc.driver.T4C8Oall.doOALL(T4C8Oall.java:655)
	at oracle.jdbc.driver.T4CPreparedStatement.doOall8(T4CPreparedStatement.java:270)
	at oracle.jdbc.driver.T4CPreparedStatement.doOall8(T4CPreparedStatement.java:91)
	at oracle.jdbc.driver.T4CPreparedStatement.executeForRows(T4CPreparedStatement.java:970)
	at oracle.jdbc.driver.OracleStatement.doExecuteWithTimeout(OracleStatement.java:1205)
	at oracle.jdbc.driver.OraclePreparedStatement.executeInternal(OraclePreparedStatement.java:3666)
	at oracle.jdbc.driver.T4CPreparedStatement.executeInternal(T4CPreparedStatement.java:1426)
	at oracle.jdbc.driver.OraclePreparedStatement.executeLargeUpdate(OraclePreparedStatement.java:3756)
	at oracle.jdbc.driver.OraclePreparedStatement.executeUpdate(OraclePreparedStatement.java:3736)
	at oracle.jdbc.driver.OraclePreparedStatementWrapper.executeUpdate(OraclePreparedStatementWrapper.java:1063)
	at com.zaxxer.hikari.pool.ProxyPreparedStatement.executeUpdate(ProxyPreparedStatement.java:61)
	at com.zaxxer.hikari.pool.HikariProxyPreparedStatement.executeUpdate(HikariProxyPreparedStatement.java)
	at org.hibernate.engine.jdbc.internal.ResultSetReturnImpl.executeUpdate(ResultSetReturnImpl.java:197)
	... 86 common frames omitted
Caused by: oracle.jdbc.OracleDatabaseException: ORA-00001: unique constraint (ORACLE.UK_EC5MKI3DNVK8BPG0IROMNDW0) violated

	at oracle.jdbc.driver.T4CTTIoer11.processError(T4CTTIoer11.java:513)
	... 103 common frames omitted
17-12-2019 11:11:14.050 [http-nio-9090-exec-7]  WARN  o.s.w.s.m.a.ResponseStatusExceptionResolver.logException - Resolved [org.springframework.data.rest.webmvc.ResourceNotFoundException: User Creation failed ]
17-12-2019 11:11:48.061 [http-nio-9090-exec-8]  INFO  c.e.d.controller.AirportController.findAllAirport - In Get for Airport
17-12-2019 11:11:57.931 [http-nio-9090-exec-9]  WARN  o.s.w.s.m.a.ResponseStatusExceptionResolver.logException - Resolved [org.springframework.data.rest.webmvc.ResourceNotFoundException: User Not found : Incorrect User Id/Credentials]
17-12-2019 11:12:09.492 [http-nio-9090-exec-2]  INFO  c.e.d.controller.AirportController.findAllAirport - In Get for Airport
17-12-2019 11:12:13.382 [http-nio-9090-exec-3]  INFO  c.e.d.controller.AirportController.findAllAirport - In Get for Airport
17-12-2019 11:12:33.526 [http-nio-9090-exec-4]  INFO  c.e.d.controller.AirportController.findAllAirport - In Get for Airport
17-12-2019 11:13:05.183 [http-nio-9090-exec-7]  INFO  c.e.d.controller.AirportController.findAllAirport - In Get for Airport
17-12-2019 11:13:19.705 [http-nio-9090-exec-9]  INFO  c.e.d.controller.AirportController.findAllAirport - In Get for Airport
17-12-2019 11:13:58.571 [http-nio-9090-exec-2]  INFO  c.e.demo.service.BookingInfoService.addBookingDetail - Booking Created
17-12-2019 11:14:29.930 [http-nio-9090-exec-4]  INFO  c.e.d.c.BookingInfoController.sendConfirmationEmail - Booking Confirmation Email Sent
17-12-2019 11:14:45.852 [http-nio-9090-exec-6]  INFO  c.e.d.c.BookingInfoController.sendConfirmationEmail - Booking Confirmation Email Sent
17-12-2019 11:15:36.594 [http-nio-9090-exec-9]  WARN  o.h.p.entity.AbstractEntityPersister.getTableUpdateNeeded - HHH000502: The [flightDetailStruct] property of the [com.example.demo.entity.BookinginfoStruct] entity was modified, but it won't be updated because the property is immutable.
17-12-2019 11:15:36.595 [http-nio-9090-exec-9]  WARN  o.h.p.entity.AbstractEntityPersister.getTableUpdateNeeded - HHH000502: The [userDetailsStruct] property of the [com.example.demo.entity.BookinginfoStruct] entity was modified, but it won't be updated because the property is immutable.
17-12-2019 11:15:36.600 [http-nio-9090-exec-9]  INFO  c.e.demo.service.BookingInfoService.softDeleteBookingId - Booking Cancelled
17-12-2019 11:16:12.403 [http-nio-9090-exec-2]  INFO  c.e.d.controller.AirportController.findAllAirport - In Get for Airport
17-12-2019 11:16:52.502 [http-nio-9090-exec-5]  INFO  c.e.d.controller.AirportController.findAllAirport - In Get for Airport
17-12-2019 11:17:13.113 [http-nio-9090-exec-6]  INFO  c.e.demo.service.BookingInfoService.addBookingDetail - Booking Created
17-12-2019 11:17:20.492 [http-nio-9090-exec-8]  INFO  c.e.d.controller.AirportController.findAllAirport - In Get for Airport
17-12-2019 11:17:39.815 [http-nio-9090-exec-10]  INFO  c.e.demo.service.BookingInfoService.addBookingDetail - Booking Created
17-12-2019 11:17:42.610 [http-nio-9090-exec-1]  INFO  c.e.d.controller.AirportController.findAllAirport - In Get for Airport
17-12-2019 11:18:09.257 [http-nio-9090-exec-3]  INFO  c.e.demo.service.BookingInfoService.addBookingDetail - Booking Created
17-12-2019 11:18:12.444 [http-nio-9090-exec-4]  INFO  c.e.d.controller.AirportController.findAllAirport - In Get for Airport
17-12-2019 11:18:33.778 [http-nio-9090-exec-7]  INFO  c.e.demo.service.BookingInfoService.addBookingDetail - Booking Created
17-12-2019 11:18:36.780 [http-nio-9090-exec-6]  INFO  c.e.d.controller.AirportController.findAllAirport - In Get for Airport
17-12-2019 11:18:49.866 [http-nio-9090-exec-10]  INFO  c.e.d.controller.AirportController.findAllAirport - In Get for Airport
17-12-2019 11:18:56.105 [http-nio-9090-exec-2]  INFO  c.e.d.controller.AirportController.findAllAirport - In Get for Airport
17-12-2019 11:19:12.561 [http-nio-9090-exec-5]  INFO  c.e.demo.service.BookingInfoService.addBookingDetail - Booking Created
17-12-2019 11:19:30.578 [http-nio-9090-exec-7]  INFO  c.e.d.controller.AirportController.findAllAirport - In Get for Airport
17-12-2019 11:19:40.669 [http-nio-9090-exec-9]  INFO  c.e.d.controller.AirportController.findAllAirport - In Get for Airport
17-12-2019 11:20:23.675 [http-nio-9090-exec-2]  INFO  c.e.d.controller.AirportController.findAllAirport - In Get for Airport
17-12-2019 11:21:04.260 [http-nio-9090-exec-5]  INFO  c.e.demo.service.BookingInfoService.addBookingDetail - Booking Created
17-12-2019 11:21:57.749 [http-nio-9090-exec-7]  INFO  c.e.d.c.BookingInfoController.sendConfirmationEmail - Booking Confirmation Email Sent
17-12-2019 11:22:17.646 [http-nio-9090-exec-6]  INFO  c.e.d.controller.AirportController.findAllAirport - In Get for Airport
17-12-2019 11:22:43.410 [http-nio-9090-exec-10]  INFO  c.e.demo.service.UserDetailsService.addUser - Adding new user
17-12-2019 11:22:43.415 [http-nio-9090-exec-10]  WARN  o.h.e.jdbc.spi.SqlExceptionHelper.logExceptions - SQL Error: 1, SQLState: 23000
17-12-2019 11:22:43.416 [http-nio-9090-exec-10]  ERROR o.h.e.jdbc.spi.SqlExceptionHelper.logExceptions - ORA-00001: unique constraint (ORACLE.UK_EC5MKI3DNVK8BPG0IROMNDW0) violated

17-12-2019 11:22:43.450 [http-nio-9090-exec-10]  ERROR c.e.demo.service.UserDetailsService.addUser - User creation failed : 
org.springframework.dao.DataIntegrityViolationException: could not execute statement; SQL [n/a]; constraint [ORACLE.UK_EC5MKI3DNVK8BPG0IROMNDW0]; nested exception is org.hibernate.exception.ConstraintViolationException: could not execute statement
	at org.springframework.orm.jpa.vendor.HibernateJpaDialect.convertHibernateAccessException(HibernateJpaDialect.java:298)
	at org.springframework.orm.jpa.vendor.HibernateJpaDialect.translateExceptionIfPossible(HibernateJpaDialect.java:255)
	at org.springframework.orm.jpa.JpaTransactionManager.doCommit(JpaTransactionManager.java:538)
	at org.springframework.transaction.support.AbstractPlatformTransactionManager.processCommit(AbstractPlatformTransactionManager.java:744)
	at org.springframework.transaction.support.AbstractPlatformTransactionManager.commit(AbstractPlatformTransactionManager.java:712)
	at org.springframework.transaction.interceptor.TransactionAspectSupport.commitTransactionAfterReturning(TransactionAspectSupport.java:631)
	at org.springframework.transaction.interceptor.TransactionAspectSupport.invokeWithinTransaction(TransactionAspectSupport.java:385)
	at org.springframework.transaction.interceptor.TransactionInterceptor.invoke(TransactionInterceptor.java:99)
	at org.springframework.aop.framework.ReflectiveMethodInvocation.proceed(ReflectiveMethodInvocation.java:186)
	at org.springframework.dao.support.PersistenceExceptionTranslationInterceptor.invoke(PersistenceExceptionTranslationInterceptor.java:139)
	at org.springframework.aop.framework.ReflectiveMethodInvocation.proceed(ReflectiveMethodInvocation.java:186)
	at org.springframework.data.jpa.repository.support.CrudMethodMetadataPostProcessor$CrudMethodMetadataPopulatingMethodInterceptor.invoke(CrudMethodMetadataPostProcessor.java:178)
	at org.springframework.aop.framework.ReflectiveMethodInvocation.proceed(ReflectiveMethodInvocation.java:186)
	at org.springframework.aop.interceptor.ExposeInvocationInterceptor.invoke(ExposeInvocationInterceptor.java:93)
	at org.springframework.aop.framework.ReflectiveMethodInvocation.proceed(ReflectiveMethodInvocation.java:186)
	at org.springframework.aop.framework.JdkDynamicAopProxy.invoke(JdkDynamicAopProxy.java:212)
	at com.sun.proxy.$Proxy130.save(Unknown Source)
	at com.example.demo.service.UserDetailsService.addUser(UserDetailsService.java:25)
	at com.example.demo.controller.UserDetailsController.addUser(UserDetailsController.java:25)
	at sun.reflect.NativeMethodAccessorImpl.invoke0(Native Method)
	at sun.reflect.NativeMethodAccessorImpl.invoke(NativeMethodAccessorImpl.java:62)
	at sun.reflect.DelegatingMethodAccessorImpl.invoke(DelegatingMethodAccessorImpl.java:43)
	at java.lang.reflect.Method.invoke(Method.java:498)
	at org.springframework.web.method.support.InvocableHandlerMethod.doInvoke(InvocableHandlerMethod.java:190)
	at org.springframework.web.method.support.InvocableHandlerMethod.invokeForRequest(InvocableHandlerMethod.java:138)
	at org.springframework.web.servlet.mvc.method.annotation.ServletInvocableHandlerMethod.invokeAndHandle(ServletInvocableHandlerMethod.java:106)
	at org.springframework.web.servlet.mvc.method.annotation.RequestMappingHandlerAdapter.invokeHandlerMethod(RequestMappingHandlerAdapter.java:888)
	at org.springframework.web.servlet.mvc.method.annotation.RequestMappingHandlerAdapter.handleInternal(RequestMappingHandlerAdapter.java:793)
	at org.springframework.web.servlet.mvc.method.AbstractHandlerMethodAdapter.handle(AbstractHandlerMethodAdapter.java:87)
	at org.springframework.web.servlet.DispatcherServlet.doDispatch(DispatcherServlet.java:1040)
	at org.springframework.web.servlet.DispatcherServlet.doService(DispatcherServlet.java:943)
	at org.springframework.web.servlet.FrameworkServlet.processRequest(FrameworkServlet.java:1006)
	at org.springframework.web.servlet.FrameworkServlet.doPost(FrameworkServlet.java:909)
	at javax.servlet.http.HttpServlet.service(HttpServlet.java:660)
	at org.springframework.web.servlet.FrameworkServlet.service(FrameworkServlet.java:883)
	at javax.servlet.http.HttpServlet.service(HttpServlet.java:741)
	at org.apache.catalina.core.ApplicationFilterChain.internalDoFilter(ApplicationFilterChain.java:231)
	at org.apache.catalina.core.ApplicationFilterChain.doFilter(ApplicationFilterChain.java:166)
	at org.apache.tomcat.websocket.server.WsFilter.doFilter(WsFilter.java:53)
	at org.apache.catalina.core.ApplicationFilterChain.internalDoFilter(ApplicationFilterChain.java:193)
	at org.apache.catalina.core.ApplicationFilterChain.doFilter(ApplicationFilterChain.java:166)
	at org.springframework.web.filter.RequestContextFilter.doFilterInternal(RequestContextFilter.java:100)
	at org.springframework.web.filter.OncePerRequestFilter.doFilter(OncePerRequestFilter.java:119)
	at org.apache.catalina.core.ApplicationFilterChain.internalDoFilter(ApplicationFilterChain.java:193)
	at org.apache.catalina.core.ApplicationFilterChain.doFilter(ApplicationFilterChain.java:166)
	at org.springframework.web.filter.FormContentFilter.doFilterInternal(FormContentFilter.java:93)
	at org.springframework.web.filter.OncePerRequestFilter.doFilter(OncePerRequestFilter.java:119)
	at org.apache.catalina.core.ApplicationFilterChain.internalDoFilter(ApplicationFilterChain.java:193)
	at org.apache.catalina.core.ApplicationFilterChain.doFilter(ApplicationFilterChain.java:166)
	at org.springframework.web.filter.CharacterEncodingFilter.doFilterInternal(CharacterEncodingFilter.java:201)
	at org.springframework.web.filter.OncePerRequestFilter.doFilter(OncePerRequestFilter.java:119)
	at org.apache.catalina.core.ApplicationFilterChain.internalDoFilter(ApplicationFilterChain.java:193)
	at org.apache.catalina.core.ApplicationFilterChain.doFilter(ApplicationFilterChain.java:166)
	at org.apache.catalina.core.StandardWrapperValve.invoke(StandardWrapperValve.java:202)
	at org.apache.catalina.core.StandardContextValve.invoke(StandardContextValve.java:96)
	at org.apache.catalina.authenticator.AuthenticatorBase.invoke(AuthenticatorBase.java:526)
	at org.apache.catalina.core.StandardHostValve.invoke(StandardHostValve.java:139)
	at org.apache.catalina.valves.ErrorReportValve.invoke(ErrorReportValve.java:92)
	at org.apache.catalina.core.StandardEngineValve.invoke(StandardEngineValve.java:74)
	at org.apache.catalina.connector.CoyoteAdapter.service(CoyoteAdapter.java:343)
	at org.apache.coyote.http11.Http11Processor.service(Http11Processor.java:408)
	at org.apache.coyote.AbstractProcessorLight.process(AbstractProcessorLight.java:66)
	at org.apache.coyote.AbstractProtocol$ConnectionHandler.process(AbstractProtocol.java:861)
	at org.apache.tomcat.util.net.NioEndpoint$SocketProcessor.doRun(NioEndpoint.java:1579)
	at org.apache.tomcat.util.net.SocketProcessorBase.run(SocketProcessorBase.java:49)
	at java.util.concurrent.ThreadPoolExecutor.runWorker(ThreadPoolExecutor.java:1142)
	at java.util.concurrent.ThreadPoolExecutor$Worker.run(ThreadPoolExecutor.java:617)
	at org.apache.tomcat.util.threads.TaskThread$WrappingRunnable.run(TaskThread.java:61)
	at java.lang.Thread.run(Thread.java:748)
Caused by: org.hibernate.exception.ConstraintViolationException: could not execute statement
	at org.hibernate.exception.internal.SQLExceptionTypeDelegate.convert(SQLExceptionTypeDelegate.java:59)
	at org.hibernate.exception.internal.StandardSQLExceptionConverter.convert(StandardSQLExceptionConverter.java:42)
	at org.hibernate.engine.jdbc.spi.SqlExceptionHelper.convert(SqlExceptionHelper.java:113)
	at org.hibernate.engine.jdbc.spi.SqlExceptionHelper.convert(SqlExceptionHelper.java:99)
	at org.hibernate.engine.jdbc.internal.ResultSetReturnImpl.executeUpdate(ResultSetReturnImpl.java:200)
	at org.hibernate.persister.entity.AbstractEntityPersister.insert(AbstractEntityPersister.java:3208)
	at org.hibernate.persister.entity.AbstractEntityPersister.insert(AbstractEntityPersister.java:3722)
	at org.hibernate.action.internal.EntityInsertAction.execute(EntityInsertAction.java:91)
	at org.hibernate.engine.spi.ActionQueue.executeActions(ActionQueue.java:604)
	at org.hibernate.engine.spi.ActionQueue.lambda$executeActions$1(ActionQueue.java:478)
	at java.util.LinkedHashMap.forEach(LinkedHashMap.java:684)
	at org.hibernate.engine.spi.ActionQueue.executeActions(ActionQueue.java:475)
	at org.hibernate.event.internal.AbstractFlushingEventListener.performExecutions(AbstractFlushingEventListener.java:349)
	at org.hibernate.event.internal.DefaultFlushEventListener.onFlush(DefaultFlushEventListener.java:40)
	at org.hibernate.event.service.internal.EventListenerGroupImpl.fireEventOnEachListener(EventListenerGroupImpl.java:108)
	at org.hibernate.internal.SessionImpl.doFlush(SessionImpl.java:1344)
	at org.hibernate.internal.SessionImpl.managedFlush(SessionImpl.java:435)
	at org.hibernate.internal.SessionImpl.flushBeforeTransactionCompletion(SessionImpl.java:3221)
	at org.hibernate.internal.SessionImpl.beforeTransactionCompletion(SessionImpl.java:2389)
	at org.hibernate.engine.jdbc.internal.JdbcCoordinatorImpl.beforeTransactionCompletion(JdbcCoordinatorImpl.java:447)
	at org.hibernate.resource.transaction.backend.jdbc.internal.JdbcResourceLocalTransactionCoordinatorImpl.beforeCompletionCallback(JdbcResourceLocalTransactionCoordinatorImpl.java:183)
	at org.hibernate.resource.transaction.backend.jdbc.internal.JdbcResourceLocalTransactionCoordinatorImpl.access$300(JdbcResourceLocalTransactionCoordinatorImpl.java:40)
	at org.hibernate.resource.transaction.backend.jdbc.internal.JdbcResourceLocalTransactionCoordinatorImpl$TransactionDriverControlImpl.commit(JdbcResourceLocalTransactionCoordinatorImpl.java:281)
	at org.hibernate.engine.transaction.internal.TransactionImpl.commit(TransactionImpl.java:101)
	at org.springframework.orm.jpa.JpaTransactionManager.doCommit(JpaTransactionManager.java:534)
	... 66 common frames omitted
Caused by: java.sql.SQLIntegrityConstraintViolationException: ORA-00001: unique constraint (ORACLE.UK_EC5MKI3DNVK8BPG0IROMNDW0) violated

	at oracle.jdbc.driver.T4CTTIoer11.processError(T4CTTIoer11.java:509)
	at oracle.jdbc.driver.T4CTTIoer11.processError(T4CTTIoer11.java:461)
	at oracle.jdbc.driver.T4C8Oall.processError(T4C8Oall.java:1104)
	at oracle.jdbc.driver.T4CTTIfun.receive(T4CTTIfun.java:550)
	at oracle.jdbc.driver.T4CTTIfun.doRPC(T4CTTIfun.java:268)
	at oracle.jdbc.driver.T4C8Oall.doOALL(T4C8Oall.java:655)
	at oracle.jdbc.driver.T4CPreparedStatement.doOall8(T4CPreparedStatement.java:270)
	at oracle.jdbc.driver.T4CPreparedStatement.doOall8(T4CPreparedStatement.java:91)
	at oracle.jdbc.driver.T4CPreparedStatement.executeForRows(T4CPreparedStatement.java:970)
	at oracle.jdbc.driver.OracleStatement.doExecuteWithTimeout(OracleStatement.java:1205)
	at oracle.jdbc.driver.OraclePreparedStatement.executeInternal(OraclePreparedStatement.java:3666)
	at oracle.jdbc.driver.T4CPreparedStatement.executeInternal(T4CPreparedStatement.java:1426)
	at oracle.jdbc.driver.OraclePreparedStatement.executeLargeUpdate(OraclePreparedStatement.java:3756)
	at oracle.jdbc.driver.OraclePreparedStatement.executeUpdate(OraclePreparedStatement.java:3736)
	at oracle.jdbc.driver.OraclePreparedStatementWrapper.executeUpdate(OraclePreparedStatementWrapper.java:1063)
	at com.zaxxer.hikari.pool.ProxyPreparedStatement.executeUpdate(ProxyPreparedStatement.java:61)
	at com.zaxxer.hikari.pool.HikariProxyPreparedStatement.executeUpdate(HikariProxyPreparedStatement.java)
	at org.hibernate.engine.jdbc.internal.ResultSetReturnImpl.executeUpdate(ResultSetReturnImpl.java:197)
	... 86 common frames omitted
Caused by: oracle.jdbc.OracleDatabaseException: ORA-00001: unique constraint (ORACLE.UK_EC5MKI3DNVK8BPG0IROMNDW0) violated

	at oracle.jdbc.driver.T4CTTIoer11.processError(T4CTTIoer11.java:513)
	... 103 common frames omitted
17-12-2019 11:22:43.451 [http-nio-9090-exec-10]  WARN  o.s.w.s.m.a.ResponseStatusExceptionResolver.logException - Resolved [org.springframework.data.rest.webmvc.ResourceNotFoundException: User Creation failed ]
17-12-2019 11:24:11.212 [http-nio-9090-exec-3]  INFO  c.e.d.controller.AirportController.findAllAirport - In Get for Airport
17-12-2019 11:24:44.502 [http-nio-9090-exec-5]  INFO  c.e.demo.service.BookingInfoService.addBookingDetail - Booking Created
17-12-2019 11:25:03.149 [http-nio-9090-exec-7]  INFO  c.e.d.controller.AirportController.findAllAirport - In Get for Airport
17-12-2019 11:25:24.035 [http-nio-9090-exec-8]  INFO  c.e.d.controller.AirportController.findAllAirport - In Get for Airport
17-12-2019 11:25:40.284 [http-nio-9090-exec-1]  INFO  c.e.d.controller.AirportController.findAllAirport - In Get for Airport
17-12-2019 11:27:23.033 [http-nio-9090-exec-5]  INFO  c.e.demo.service.BookingInfoService.addBookingDetail - Booking Created
17-12-2019 11:27:25.387 [http-nio-9090-exec-7]  INFO  c.e.d.controller.AirportController.findAllAirport - In Get for Airport
17-12-2019 11:27:53.168 [http-nio-9090-exec-6]  INFO  c.e.d.controller.AirportController.findAllAirport - In Get for Airport
17-12-2019 11:28:04.980 [http-nio-9090-exec-9]  INFO  c.e.d.controller.AirportController.findAllAirport - In Get for Airport
17-12-2019 11:28:08.443 [http-nio-9090-exec-10]  INFO  c.e.d.controller.AirportController.findAllAirport - In Get for Airport
17-12-2019 11:34:23.320 [http-nio-9090-exec-7]  INFO  c.e.d.controller.AirportController.findAllAirport - In Get for Airport
17-12-2019 11:34:27.362 [http-nio-9090-exec-6]  INFO  c.e.d.controller.AirportController.findAllAirport - In Get for Airport
17-12-2019 11:35:36.260 [http-nio-9090-exec-9]  INFO  c.e.d.controller.AirportController.findAllAirport - In Get for Airport
